<?xml version="1.0" encoding="utf-8"?><testsuites name="pytest tests"><testsuite name="pytest" errors="0" failures="0" skipped="0" tests="26" time="3.565" timestamp="2026-05-19T08:28:21.562603+00:00" hostname="agent-env-4e36c38d-8ae5-4814-b6ef-a49933a5a477"><testcase classname="backend.tests.backend_test" name="test_health" time="0.219" /><testcase classname="backend.tests.backend_test" name="test_register_returns_jwt_and_user" time="0.321" /><testcase classname="backend.tests.backend_test" name="test_register_duplicate_email" time="0.048" /><testcase classname="backend.tests.backend_test" name="test_login_success" time="0.355" /><testcase classname="backend.tests.backend_test" name="test_login_invalid_password" time="0.284" /><testcase classname="backend.tests.backend_test" name="test_me_returns_user" time="0.054" /><testcase classname="backend.tests.backend_test" name="test_me_requires_auth" time="0.049" /><testcase classname="backend.tests.backend_test" name="test_list_pillars" time="0.050" /><testcase classname="backend.tests.backend_test" name="test_suggestions_per_pillar[career_business]" time="0.050" /><testcase classname="backend.tests.backend_test" name="test_suggestions_per_pillar[family_relationship]" time="0.050" /><testcase classname="backend.tests.backend_test" name="test_suggestions_per_pillar[finance_money]" time="0.055" /><testcase classname="backend.tests.backend_test" name="test_suggestions_per_pillar[health]" time="0.053" /><testcase classname="backend.tests.backend_test" name="test_suggestions_per_pillar[inner_wellness]" time="0.051" /><testcase classname="backend.tests.backend_test" name="test_suggestions_unknown_pillar" time="0.048" /><testcase classname="backend.tests.backend_test" name="test_set_selected_pillars" time="0.103" /><testcase classname="backend.tests.backend_test" name="test_create_goal_days_creates_n_tasks" time="0.052" /><testcase classname="backend.tests.backend_test" name="test_create_goal_hours_collapses_to_ceil_div24" time="0.050" /><testcase classname="backend.tests.backend_test" name="test_list_goals_returns_created" time="0.047" /><testcase classname="backend.tests.backend_test" name="test_tasks_today_only_today" time="0.047" /><testcase classname="backend.tests.backend_test" name="test_toggle_task_grants_bless_5" time="0.190" /><testcase classname="backend.tests.backend_test" name="test_toggle_task_unauthorized_other_user" time="0.093" /><testcase classname="backend.tests.backend_test" name="test_journal_create_and_gratitude_bonus" time="0.586" /><testcase classname="backend.tests.backend_test" name="test_journal_list_grouped_by_date" time="0.338" /><testcase classname="backend.tests.backend_test" name="test_seeded_account_quota_already_full" time="0.072" /><testcase classname="backend.tests.backend_test" name="test_stats" time="0.062" /><testcase classname="backend.tests.backend_test" name="test_hpa_axis_phase" time="0.047" /></testsuite></testsuites>